# JRE version: OpenJDK Runtime Environment Temurin-17.0.13+11 (17.0.13+11) (build 17.0.13+11)
# Java VM: OpenJDK 64-Bit Server VM Temurin-17.0.13+11 (17.0.13+11, mixed mode, tiered, compressed oops, compressed class ptrs, g1 gc, windows-amd64)
GC Precious Log:
 CPUs: 4 total, 4 available
 Memory: 3998M
 Large Page Support: Disabled
 NUMA Support: Disabled
 Compressed Oops: Enabled (32-bit)
 Heap Region Size: 1M
 Heap Min Capacity: 8M
 Heap Initial Capacity: 64M
 Heap Max Capacity: 1000M
 Pre-touch: Disabled
 Parallel Workers: 4
 Concurrent Workers: 1
 Concurrent Refinement Workers: 4
 Periodic GC: Disabled
Heap:
 garbage-first heap   total 37888K, used 17282K [0x00000000c1800000, 0x0000000100000000)
  region size 1024K, 11 young (11264K), 3 survivors (3072K)
 Metaspace       used 25787K, committed 25984K, reserved 1114112K
  class space    used 3726K, committed 3840K, reserved 1048576K
GC Heap History (10 events):
Event: 1.439 GC heap before
{Heap before GC invocations=0 (full 0):
 garbage-first heap   total 65536K, used 13312K [0x00000000c1800000, 0x0000000100000000)
  region size 1024K, 13 young (13312K), 0 survivors (0K)
 Metaspace       used 11954K, committed 12160K, reserved 1114112K
  class space    used 1167K, committed 1280K, reserved 1048576K
}
Event: 1.450 GC heap after
{Heap after GC invocations=1 (full 0):
 garbage-first heap   total 65536K, used 5483K [0x00000000c1800000, 0x0000000100000000)
  region size 1024K, 2 young (2048K), 2 survivors (2048K)
 Metaspace       used 11954K, committed 12160K, reserved 1114112K
  class space    used 1167K, committed 1280K, reserved 1048576K
}
Event: 2.635 GC heap before
{Heap before GC invocations=1 (full 0):
 garbage-first heap   total 65536K, used 14699K [0x00000000c1800000, 0x0000000100000000)
  region size 1024K, 12 young (12288K), 2 survivors (2048K)
 Metaspace       used 14047K, committed 14208K, reserved 1114112K
  class space    used 1485K, committed 1536K, reserved 1048576K
}
Event: 2.652 GC heap after
{Heap after GC invocations=2 (full 0):
 garbage-first heap   total 65536K, used 7596K [0x00000000c1800000, 0x0000000100000000)
  region size 1024K, 2 young (2048K), 2 survivors (2048K)
 Metaspace       used 14047K, committed 14208K, reserved 1114112K
  class space    used 1485K, committed 1536K, reserved 1048576K
}
Event: 5.272 GC heap before
{Heap before GC invocations=2 (full 0):
 garbage-first heap   total 65536K, used 31148K [0x00000000c1800000, 0x0000000100000000)
  region size 1024K, 25 young (25600K), 2 survivors (2048K)
 Metaspace       used 19247K, committed 19392K, reserved 1114112K
  class space    used 2428K, committed 2496K, reserved 1048576K
}
Event: 5.284 GC heap after
{Heap after GC invocations=3 (full 0):
 garbage-first heap   total 65536K, used 8502K [0x00000000c1800000, 0x0000000100000000)
  region size 1024K, 3 young (3072K), 3 survivors (3072K)
 Metaspace       used 19247K, committed 19392K, reserved 1114112K
  class space    used 2428K, committed 2496K, reserved 1048576K
}
Event: 6.206 GC heap before
{Heap before GC invocations=3 (full 0):
 garbage-first heap   total 65536K, used 20790K [0x00000000c1800000, 0x0000000100000000)
  region size 1024K, 15 young (15360K), 3 survivors (3072K)
 Metaspace       used 21386K, committed 21504K, reserved 1114112K
  class space    used 2830K, committed 2880K, reserved 1048576K
}
Event: 6.210 GC heap after
{Heap after GC invocations=4 (full 0):
 garbage-first heap   total 65536K, used 10128K [0x00000000c1800000, 0x0000000100000000)
  region size 1024K, 3 young (3072K), 3 survivors (3072K)
 Metaspace       used 21386K, committed 21504K, reserved 1114112K
  class space    used 2830K, committed 2880K, reserved 1048576K
}
Event: 7.819 GC heap before
{Heap before GC invocations=5 (full 0):
 garbage-first heap   total 37888K, used 28560K [0x00000000c1800000, 0x0000000100000000)
  region size 1024K, 22 young (22528K), 3 survivors (3072K)
 Metaspace       used 24477K, committed 24640K, reserved 1114112K
  class space    used 3486K, committed 3520K, reserved 1048576K
}
Event: 7.824 GC heap after
{Heap after GC invocations=6 (full 0):
 garbage-first heap   total 37888K, used 10114K [0x00000000c1800000, 0x0000000100000000)
  region size 1024K, 3 young (3072K), 3 survivors (3072K)
 Metaspace       used 24477K, committed 24640K, reserved 1114112K
  class space    used 3486K, committed 3520K, reserved 1048576K
}

